{"/home/ysis/spring-react/indexationsystem/src/main/js/actions/resultsActions.js": {"path":"/home/ysis/spring-react/indexationsystem/src/main/js/actions/resultsActions.js","statementMap":{"0":{"start":{"line":4,"column":21},"end":{"line":7,"column":1}},"1":{"start":{"line":10,"column":2},"end":{"line":13,"column":3}},"2":{"start":{"line":17,"column":2},"end":{"line":20,"column":3}},"3":{"start":{"line":23,"column":26},"end":{"line":33,"column":1}},"4":{"start":{"line":24,"column":2},"end":{"line":32,"column":3}},"5":{"start":{"line":25,"column":4},"end":{"line":31,"column":8}},"6":{"start":{"line":27,"column":8},"end":{"line":27,"column":45}},"7":{"start":{"line":30,"column":8},"end":{"line":30,"column":32}},"8":{"start":{"line":35,"column":25},"end":{"line":51,"column":1}},"9":{"start":{"line":36,"column":2},"end":{"line":50,"column":3}},"10":{"start":{"line":37,"column":4},"end":{"line":49,"column":8}},"11":{"start":{"line":44,"column":24},"end":{"line":44,"column":43}},"12":{"start":{"line":45,"column":8},"end":{"line":45,"column":37}},"13":{"start":{"line":48,"column":8},"end":{"line":48,"column":34}}},"fnMap":{"0":{"name":"setResults","decl":{"start":{"line":9,"column":16},"end":{"line":9,"column":26}},"loc":{"start":{"line":9,"column":37},"end":{"line":14,"column":1}},"line":9},"1":{"name":"setDeleteUrl","decl":{"start":{"line":16,"column":16},"end":{"line":16,"column":28}},"loc":{"start":{"line":16,"column":39},"end":{"line":21,"column":1}},"line":16},"2":{"name":"(anonymous_2)","decl":{"start":{"line":23,"column":26},"end":{"line":23,"column":27}},"loc":{"start":{"line":24,"column":2},"end":{"line":32,"column":3}},"line":24},"3":{"name":"(anonymous_3)","decl":{"start":{"line":24,"column":2},"end":{"line":24,"column":3}},"loc":{"start":{"line":24,"column":16},"end":{"line":32,"column":3}},"line":24},"4":{"name":"(anonymous_4)","decl":{"start":{"line":26,"column":12},"end":{"line":26,"column":13}},"loc":{"start":{"line":26,"column":24},"end":{"line":28,"column":7}},"line":26},"5":{"name":"(anonymous_5)","decl":{"start":{"line":29,"column":13},"end":{"line":29,"column":14}},"loc":{"start":{"line":29,"column":20},"end":{"line":31,"column":7}},"line":29},"6":{"name":"(anonymous_6)","decl":{"start":{"line":35,"column":25},"end":{"line":35,"column":26}},"loc":{"start":{"line":36,"column":2},"end":{"line":50,"column":3}},"line":36},"7":{"name":"(anonymous_7)","decl":{"start":{"line":36,"column":2},"end":{"line":36,"column":3}},"loc":{"start":{"line":36,"column":16},"end":{"line":50,"column":3}},"line":36},"8":{"name":"(anonymous_8)","decl":{"start":{"line":43,"column":12},"end":{"line":43,"column":13}},"loc":{"start":{"line":43,"column":24},"end":{"line":46,"column":7}},"line":43},"9":{"name":"(anonymous_9)","decl":{"start":{"line":47,"column":13},"end":{"line":47,"column":14}},"loc":{"start":{"line":47,"column":25},"end":{"line":49,"column":7}},"line":47}},"branchMap":{},"s":{"0":3,"1":3,"2":3,"3":3,"4":4,"5":4,"6":1,"7":1,"8":3,"9":2,"10":2,"11":1,"12":1,"13":1},"f":{"0":3,"1":3,"2":4,"3":4,"4":1,"5":1,"6":2,"7":2,"8":1,"9":1},"b":{},"_coverageSchema":"1a1c01bbd47fc00a2c39e90264f33305004495a9","hash":"d9172bc6a6fc229276cc32c35c57d45d62ae0eb8"}
,"/home/ysis/spring-react/indexationsystem/src/main/js/components/form/index.js": {"path":"/home/ysis/spring-react/indexationsystem/src/main/js/components/form/index.js","statementMap":{"0":{"start":{"line":10,"column":4},"end":{"line":10,"column":17}},"1":{"start":{"line":12,"column":4},"end":{"line":17,"column":6}},"2":{"start":{"line":19,"column":4},"end":{"line":19,"column":53}},"3":{"start":{"line":20,"column":4},"end":{"line":20,"column":53}},"4":{"start":{"line":21,"column":4},"end":{"line":21,"column":51}},"5":{"start":{"line":25,"column":26},"end":{"line":25,"column":34}},"6":{"start":{"line":26,"column":4},"end":{"line":26,"column":35}},"7":{"start":{"line":30,"column":21},"end":{"line":30,"column":42}},"8":{"start":{"line":32,"column":4},"end":{"line":34,"column":7}},"9":{"start":{"line":38,"column":4},"end":{"line":38,"column":23}},"10":{"start":{"line":40,"column":4},"end":{"line":40,"column":37}},"11":{"start":{"line":42,"column":17},"end":{"line":45,"column":6}},"12":{"start":{"line":47,"column":4},"end":{"line":55,"column":8}},"13":{"start":{"line":49,"column":8},"end":{"line":49,"column":53}},"14":{"start":{"line":50,"column":8},"end":{"line":54,"column":11}},"15":{"start":{"line":64,"column":8},"end":{"line":64,"column":18}},"16":{"start":{"line":66,"column":4},"end":{"line":76,"column":6}},"17":{"start":{"line":81,"column":2},"end":{"line":86,"column":33}},"18":{"start":{"line":85,"column":24},"end":{"line":85,"column":43}},"19":{"start":{"line":86,"column":18},"end":{"line":86,"column":32}}},"fnMap":{"0":{"name":"(anonymous_0)","decl":{"start":{"line":9,"column":2},"end":{"line":9,"column":3}},"loc":{"start":{"line":9,"column":21},"end":{"line":22,"column":3}},"line":9},"1":{"name":"(anonymous_1)","decl":{"start":{"line":24,"column":2},"end":{"line":24,"column":3}},"loc":{"start":{"line":24,"column":19},"end":{"line":27,"column":3}},"line":24},"2":{"name":"(anonymous_2)","decl":{"start":{"line":29,"column":2},"end":{"line":29,"column":3}},"loc":{"start":{"line":29,"column":17},"end":{"line":35,"column":3}},"line":29},"3":{"name":"(anonymous_3)","decl":{"start":{"line":37,"column":2},"end":{"line":37,"column":3}},"loc":{"start":{"line":37,"column":19},"end":{"line":56,"column":3}},"line":37},"4":{"name":"(anonymous_4)","decl":{"start":{"line":48,"column":12},"end":{"line":48,"column":13}},"loc":{"start":{"line":48,"column":19},"end":{"line":55,"column":7}},"line":48},"5":{"name":"(anonymous_5)","decl":{"start":{"line":58,"column":2},"end":{"line":58,"column":3}},"loc":{"start":{"line":58,"column":12},"end":{"line":77,"column":3}},"line":58},"6":{"name":"check","decl":{"start":{"line":80,"column":9},"end":{"line":80,"column":14}},"loc":{"start":{"line":80,"column":22},"end":{"line":87,"column":1}},"line":80},"7":{"name":"(anonymous_7)","decl":{"start":{"line":85,"column":12},"end":{"line":85,"column":13}},"loc":{"start":{"line":85,"column":24},"end":{"line":85,"column":43}},"line":85},"8":{"name":"(anonymous_8)","decl":{"start":{"line":86,"column":13},"end":{"line":86,"column":14}},"loc":{"start":{"line":86,"column":18},"end":{"line":86,"column":32}},"line":86}},"branchMap":{},"s":{"0":4,"1":4,"2":4,"3":4,"4":4,"5":1,"6":1,"7":1,"8":1,"9":1,"10":1,"11":1,"12":1,"13":0,"14":0,"15":7,"16":7,"17":1,"18":0,"19":0},"f":{"0":4,"1":1,"2":1,"3":1,"4":0,"5":7,"6":1,"7":0,"8":0},"b":{},"_coverageSchema":"1a1c01bbd47fc00a2c39e90264f33305004495a9","hash":"f7dd0fefeeab3d49129bd428923d8fb73374ade6"}
,"/home/ysis/spring-react/indexationsystem/src/main/js/components/form/page.js": {"path":"/home/ysis/spring-react/indexationsystem/src/main/js/components/form/page.js","statementMap":{"0":{"start":{"line":10,"column":18},"end":{"line":10,"column":29}},"1":{"start":{"line":20,"column":6},"end":{"line":20,"column":11}},"2":{"start":{"line":22,"column":2},"end":{"line":76,"column":4}},"3":{"start":{"line":29,"column":27},"end":{"line":29,"column":42}},"4":{"start":{"line":39,"column":31},"end":{"line":39,"column":46}},"5":{"start":{"line":40,"column":28},"end":{"line":40,"column":41}},"6":{"start":{"line":53,"column":31},"end":{"line":53,"column":46}},"7":{"start":{"line":81,"column":18},"end":{"line":111,"column":3}},"8":{"start":{"line":81,"column":39},"end":{"line":111,"column":1}}},"fnMap":{"0":{"name":"Page","decl":{"start":{"line":8,"column":9},"end":{"line":8,"column":13}},"loc":{"start":{"line":8,"column":22},"end":{"line":77,"column":1}},"line":8},"1":{"name":"(anonymous_1)","decl":{"start":{"line":29,"column":20},"end":{"line":29,"column":21}},"loc":{"start":{"line":29,"column":27},"end":{"line":29,"column":42}},"line":29},"2":{"name":"(anonymous_2)","decl":{"start":{"line":39,"column":24},"end":{"line":39,"column":25}},"loc":{"start":{"line":39,"column":31},"end":{"line":39,"column":46}},"line":39},"3":{"name":"(anonymous_3)","decl":{"start":{"line":40,"column":22},"end":{"line":40,"column":23}},"loc":{"start":{"line":40,"column":28},"end":{"line":40,"column":41}},"line":40},"4":{"name":"(anonymous_4)","decl":{"start":{"line":53,"column":24},"end":{"line":53,"column":25}},"loc":{"start":{"line":53,"column":31},"end":{"line":53,"column":46}},"line":53},"5":{"name":"(anonymous_5)","decl":{"start":{"line":81,"column":29},"end":{"line":81,"column":30}},"loc":{"start":{"line":81,"column":39},"end":{"line":111,"column":1}},"line":81}},"branchMap":{"0":{"loc":{"start":{"line":42,"column":26},"end":{"line":42,"column":69}},"type":"cond-expr","locations":[{"start":{"line":42,"column":37},"end":{"line":42,"column":39}},{"start":{"line":42,"column":42},"end":{"line":42,"column":69}}],"line":42},"1":{"loc":{"start":{"line":60,"column":11},"end":{"line":70,"column":21}},"type":"cond-expr","locations":[{"start":{"line":61,"column":12},"end":{"line":61,"column":63}},{"start":{"line":63,"column":12},"end":{"line":70,"column":21}}],"line":60}},"s":{"0":5,"1":5,"2":5,"3":1,"4":1,"5":1,"6":1,"7":1,"8":1},"f":{"0":5,"1":1,"2":1,"3":1,"4":1,"5":1},"b":{"0":[1,4],"1":[0,5]},"_coverageSchema":"1a1c01bbd47fc00a2c39e90264f33305004495a9","hash":"e6e1e0e857e692189839db2f2ace6b10b9de5ded"}
,"/home/ysis/spring-react/indexationsystem/src/main/js/components/navBar/index.js": {"path":"/home/ysis/spring-react/indexationsystem/src/main/js/components/navBar/index.js","statementMap":{"0":{"start":{"line":8,"column":4},"end":{"line":10,"column":6}}},"fnMap":{"0":{"name":"(anonymous_0)","decl":{"start":{"line":6,"column":2},"end":{"line":6,"column":3}},"loc":{"start":{"line":6,"column":12},"end":{"line":11,"column":3}},"line":6}},"branchMap":{},"s":{"0":4},"f":{"0":4},"b":{},"_coverageSchema":"1a1c01bbd47fc00a2c39e90264f33305004495a9","hash":"63c0536d8634cbb5a588c5a47562d2e9c80086f6"}
,"/home/ysis/spring-react/indexationsystem/src/main/js/components/navBar/page.js": {"path":"/home/ysis/spring-react/indexationsystem/src/main/js/components/navBar/page.js","statementMap":{"0":{"start":{"line":12,"column":18},"end":{"line":12,"column":29}},"1":{"start":{"line":14,"column":2},"end":{"line":35,"column":4}},"2":{"start":{"line":38,"column":18},"end":{"line":52,"column":3}},"3":{"start":{"line":38,"column":41},"end":{"line":52,"column":1}}},"fnMap":{"0":{"name":"Page","decl":{"start":{"line":11,"column":24},"end":{"line":11,"column":28}},"loc":{"start":{"line":11,"column":37},"end":{"line":36,"column":1}},"line":11},"1":{"name":"(anonymous_1)","decl":{"start":{"line":38,"column":29},"end":{"line":38,"column":30}},"loc":{"start":{"line":38,"column":41},"end":{"line":52,"column":1}},"line":38}},"branchMap":{},"s":{"0":6,"1":6,"2":3,"3":3},"f":{"0":6,"1":3},"b":{},"_coverageSchema":"1a1c01bbd47fc00a2c39e90264f33305004495a9","hash":"6e1e0cd712468629261bda7e3a6669b20e52cc8b"}
,"/home/ysis/spring-react/indexationsystem/src/main/js/components/results/index.js": {"path":"/home/ysis/spring-react/indexationsystem/src/main/js/components/results/index.js","statementMap":{"0":{"start":{"line":9,"column":4},"end":{"line":9,"column":17}},"1":{"start":{"line":11,"column":4},"end":{"line":11,"column":53}},"2":{"start":{"line":15,"column":4},"end":{"line":15,"column":28}},"3":{"start":{"line":19,"column":17},"end":{"line":21,"column":6}},"4":{"start":{"line":23,"column":4},"end":{"line":23,"column":31}},"5":{"start":{"line":28,"column":24},"end":{"line":28,"column":34}},"6":{"start":{"line":30,"column":4},"end":{"line":35,"column":6}},"7":{"start":{"line":39,"column":25},"end":{"line":43,"column":1}},"8":{"start":{"line":40,"column":2},"end":{"line":42,"column":3}}},"fnMap":{"0":{"name":"(anonymous_0)","decl":{"start":{"line":8,"column":2},"end":{"line":8,"column":3}},"loc":{"start":{"line":8,"column":21},"end":{"line":12,"column":3}},"line":8},"1":{"name":"(anonymous_1)","decl":{"start":{"line":14,"column":2},"end":{"line":14,"column":3}},"loc":{"start":{"line":14,"column":22},"end":{"line":16,"column":3}},"line":14},"2":{"name":"(anonymous_2)","decl":{"start":{"line":18,"column":2},"end":{"line":18,"column":3}},"loc":{"start":{"line":18,"column":21},"end":{"line":24,"column":3}},"line":18},"3":{"name":"(anonymous_3)","decl":{"start":{"line":26,"column":2},"end":{"line":26,"column":3}},"loc":{"start":{"line":26,"column":12},"end":{"line":36,"column":3}},"line":26},"4":{"name":"(anonymous_4)","decl":{"start":{"line":39,"column":25},"end":{"line":39,"column":26}},"loc":{"start":{"line":39,"column":36},"end":{"line":43,"column":1}},"line":39}},"branchMap":{},"s":{"0":2,"1":2,"2":2,"3":0,"4":0,"5":2,"6":2,"7":1,"8":2},"f":{"0":2,"1":2,"2":0,"3":2,"4":2},"b":{},"_coverageSchema":"1a1c01bbd47fc00a2c39e90264f33305004495a9","hash":"a6b5428bce374acd8b641ce46f148e07f328e547"}
,"/home/ysis/spring-react/indexationsystem/src/main/js/components/results/page.js": {"path":"/home/ysis/spring-react/indexationsystem/src/main/js/components/results/page.js","statementMap":{"0":{"start":{"line":19,"column":18},"end":{"line":19,"column":29}},"1":{"start":{"line":24,"column":6},"end":{"line":24,"column":11}},"2":{"start":{"line":26,"column":18},"end":{"line":26,"column":38}},"3":{"start":{"line":28,"column":2},"end":{"line":72,"column":4}},"4":{"start":{"line":44,"column":16},"end":{"line":57,"column":27}},"5":{"start":{"line":51,"column":37},"end":{"line":51,"column":59}},"6":{"start":{"line":77,"column":18},"end":{"line":91,"column":2}}},"fnMap":{"0":{"name":"Page","decl":{"start":{"line":18,"column":9},"end":{"line":18,"column":13}},"loc":{"start":{"line":18,"column":22},"end":{"line":73,"column":1}},"line":18},"1":{"name":"(anonymous_1)","decl":{"start":{"line":43,"column":27},"end":{"line":43,"column":28}},"loc":{"start":{"line":44,"column":16},"end":{"line":57,"column":27}},"line":44},"2":{"name":"(anonymous_2)","decl":{"start":{"line":51,"column":31},"end":{"line":51,"column":32}},"loc":{"start":{"line":51,"column":37},"end":{"line":51,"column":59}},"line":51}},"branchMap":{"0":{"loc":{"start":{"line":41,"column":11},"end":{"line":67,"column":24}},"type":"cond-expr","locations":[{"start":{"line":42,"column":12},"end":{"line":59,"column":24}},{"start":{"line":61,"column":12},"end":{"line":67,"column":24}}],"line":41}},"s":{"0":2,"1":2,"2":2,"3":2,"4":2,"5":0,"6":1},"f":{"0":2,"1":2,"2":0},"b":{"0":[2,0]},"_coverageSchema":"1a1c01bbd47fc00a2c39e90264f33305004495a9","hash":"c0c4140ddf5c495bb3c6fbc7636ec2e444d2b5fb"}
,"/home/ysis/spring-react/indexationsystem/src/main/js/config/index.js": {"path":"/home/ysis/spring-react/indexationsystem/src/main/js/config/index.js","statementMap":{"0":{"start":{"line":1,"column":26},"end":{"line":1,"column":61}}},"fnMap":{},"branchMap":{},"s":{"0":4},"f":{},"b":{},"_coverageSchema":"1a1c01bbd47fc00a2c39e90264f33305004495a9","hash":"f06b69484352b3cfe7227715d7a2db0abdef759f"}
,"/home/ysis/spring-react/indexationsystem/src/main/js/constants/index.js": {"path":"/home/ysis/spring-react/indexationsystem/src/main/js/constants/index.js","statementMap":{"0":{"start":{"line":1,"column":25},"end":{"line":1,"column":121}}},"fnMap":{},"branchMap":{},"s":{"0":1},"f":{},"b":{},"_coverageSchema":"1a1c01bbd47fc00a2c39e90264f33305004495a9","hash":"2a829ca8eaf66b07799cb6d48ab2e7d75228da3d"}
,"/home/ysis/spring-react/indexationsystem/src/main/js/reducers/resultsReducer.js": {"path":"/home/ysis/spring-react/indexationsystem/src/main/js/reducers/resultsReducer.js","statementMap":{"0":{"start":{"line":3,"column":21},"end":{"line":5,"column":1}},"1":{"start":{"line":9,"column":2},"end":{"line":11,"column":3}},"2":{"start":{"line":10,"column":4},"end":{"line":10,"column":24}},"3":{"start":{"line":12,"column":19},"end":{"line":12,"column":43}},"4":{"start":{"line":14,"column":2},"end":{"line":29,"column":3}},"5":{"start":{"line":17,"column":6},"end":{"line":17,"column":37}},"6":{"start":{"line":18,"column":6},"end":{"line":18,"column":12}},"7":{"start":{"line":22,"column":6},"end":{"line":22,"column":76}},"8":{"start":{"line":22,"column":48},"end":{"line":22,"column":75}},"9":{"start":{"line":23,"column":6},"end":{"line":23,"column":12}},"10":{"start":{"line":27,"column":6},"end":{"line":27,"column":40}},"11":{"start":{"line":31,"column":2},"end":{"line":31,"column":18}}},"fnMap":{"0":{"name":"resultsReducer","decl":{"start":{"line":7,"column":24},"end":{"line":7,"column":38}},"loc":{"start":{"line":7,"column":54},"end":{"line":32,"column":1}},"line":7},"1":{"name":"(anonymous_1)","decl":{"start":{"line":22,"column":40},"end":{"line":22,"column":41}},"loc":{"start":{"line":22,"column":48},"end":{"line":22,"column":75}},"line":22}},"branchMap":{"0":{"loc":{"start":{"line":9,"column":2},"end":{"line":11,"column":3}},"type":"if","locations":[{"start":{"line":9,"column":2},"end":{"line":11,"column":3}},{"start":{"line":9,"column":2},"end":{"line":11,"column":3}}],"line":9},"1":{"loc":{"start":{"line":14,"column":2},"end":{"line":29,"column":3}},"type":"switch","locations":[{"start":{"line":16,"column":4},"end":{"line":19,"column":5}},{"start":{"line":21,"column":4},"end":{"line":24,"column":5}},{"start":{"line":26,"column":4},"end":{"line":28,"column":5}}],"line":14}},"s":{"0":1,"1":4,"2":1,"3":3,"4":3,"5":1,"6":1,"7":1,"8":1,"9":1,"10":1,"11":3},"f":{"0":4,"1":1},"b":{"0":[1,3],"1":[1,1,1]},"_coverageSchema":"1a1c01bbd47fc00a2c39e90264f33305004495a9","hash":"8b4c216ec4c067e77287bf807d7e11f4bd5567aa"}
}
