TN:
SF:src/main/js/actions/resultsActions.js
FN:9,setResults
FN:16,setDeleteUrl
FN:23,(anonymous_2)
FN:24,(anonymous_3)
FN:26,(anonymous_4)
FN:29,(anonymous_5)
FN:35,(anonymous_6)
FN:36,(anonymous_7)
FN:43,(anonymous_8)
FN:47,(anonymous_9)
FNF:10
FNH:10
FNDA:3,setResults
FNDA:3,setDeleteUrl
FNDA:3,(anonymous_2)
FNDA:3,(anonymous_3)
FNDA:1,(anonymous_4)
FNDA:1,(anonymous_5)
FNDA:2,(anonymous_6)
FNDA:2,(anonymous_7)
FNDA:1,(anonymous_8)
FNDA:1,(anonymous_9)
DA:4,3
DA:10,3
DA:17,3
DA:23,3
DA:24,3
DA:25,3
DA:27,1
DA:30,1
DA:35,3
DA:36,2
DA:37,2
DA:44,1
DA:45,1
DA:48,1
LF:14
LH:14
BRF:0
BRH:0
end_of_record
TN:
SF:src/main/js/components/form/index.js
FN:9,(anonymous_0)
FN:24,(anonymous_1)
FN:29,(anonymous_2)
FN:37,(anonymous_3)
FN:48,(anonymous_4)
FN:58,(anonymous_5)
FN:80,check
FN:85,(anonymous_7)
FN:86,(anonymous_8)
FNF:9
FNH:2
FNDA:1,(anonymous_0)
FNDA:0,(anonymous_1)
FNDA:0,(anonymous_2)
FNDA:0,(anonymous_3)
FNDA:0,(anonymous_4)
FNDA:1,(anonymous_5)
FNDA:0,check
FNDA:0,(anonymous_7)
FNDA:0,(anonymous_8)
DA:10,1
DA:12,1
DA:19,1
DA:20,1
DA:21,1
DA:25,0
DA:26,0
DA:30,0
DA:32,0
DA:38,0
DA:40,0
DA:42,0
DA:47,0
DA:49,0
DA:50,0
DA:64,1
DA:66,1
DA:81,0
DA:85,0
DA:86,0
LF:20
LH:7
BRF:0
BRH:0
end_of_record
TN:
SF:src/main/js/components/form/page.js
FN:8,Page
FN:29,(anonymous_1)
FN:38,(anonymous_2)
FN:39,(anonymous_3)
FN:51,(anonymous_4)
FN:77,(anonymous_5)
FNF:6
FNH:2
FNDA:1,Page
FNDA:0,(anonymous_1)
FNDA:0,(anonymous_2)
FNDA:0,(anonymous_3)
FNDA:0,(anonymous_4)
FNDA:1,(anonymous_5)
DA:10,1
DA:20,1
DA:22,1
DA:29,0
DA:38,0
DA:39,0
DA:51,0
DA:77,1
LF:8
LH:4
BRDA:41,0,0,1
BRDA:41,0,1,0
BRDA:57,1,0,0
BRDA:57,1,1,1
BRF:4
BRH:2
end_of_record
TN:
SF:src/main/js/components/navBar/index.js
FN:6,(anonymous_0)
FNF:1
FNH:1
FNDA:3,(anonymous_0)
DA:8,3
LF:1
LH:1
BRF:0
BRH:0
end_of_record
TN:
SF:src/main/js/components/navBar/page.js
FN:11,NavBar
FN:38,(anonymous_1)
FNF:2
FNH:2
FNDA:3,NavBar
FNDA:3,(anonymous_1)
DA:12,3
DA:14,3
DA:38,3
LF:3
LH:3
BRF:0
BRH:0
end_of_record
TN:
SF:src/main/js/components/results/index.js
FN:8,(anonymous_0)
FN:14,(anonymous_1)
FN:18,(anonymous_2)
FN:26,(anonymous_3)
FN:39,(anonymous_4)
FNF:5
FNH:4
FNDA:1,(anonymous_0)
FNDA:1,(anonymous_1)
FNDA:0,(anonymous_2)
FNDA:1,(anonymous_3)
FNDA:1,(anonymous_4)
DA:9,1
DA:11,1
DA:15,1
DA:19,0
DA:23,0
DA:28,1
DA:30,1
DA:39,1
DA:40,1
LF:9
LH:7
BRF:0
BRH:0
end_of_record
TN:
SF:src/main/js/components/results/page.js
FN:18,Page
FN:43,(anonymous_1)
FN:51,(anonymous_2)
FNF:3
FNH:2
FNDA:1,Page
FNDA:1,(anonymous_1)
FNDA:0,(anonymous_2)
DA:19,1
DA:24,1
DA:26,1
DA:28,1
DA:44,1
DA:51,0
DA:77,1
LF:7
LH:6
BRDA:41,0,0,1
BRDA:41,0,1,0
BRF:2
BRH:1
end_of_record
TN:
SF:src/main/js/config/index.js
FNF:0
FNH:0
DA:1,4
LF:1
LH:1
BRF:0
BRH:0
end_of_record
TN:
SF:src/main/js/constants/index.js
FNF:0
FNH:0
DA:1,1
LF:1
LH:1
BRF:0
BRH:0
end_of_record
TN:
SF:src/main/js/reducers/resultsReducer.js
FN:7,resultsReducer
FN:22,(anonymous_1)
FNF:2
FNH:2
FNDA:4,resultsReducer
FNDA:1,(anonymous_1)
DA:3,1
DA:9,4
DA:10,1
DA:12,3
DA:14,3
DA:17,1
DA:18,1
DA:22,1
DA:23,1
DA:27,1
DA:31,3
LF:11
LH:11
BRDA:9,0,0,1
BRDA:9,0,1,3
BRDA:14,1,0,1
BRDA:14,1,1,1
BRDA:14,1,2,1
BRF:5
BRH:5
end_of_record
